app/build/outputs/logs/manifest-merger-release-report.txt
-- Merging decision tree log ---
manifest
ADDED from src/main/AndroidManifest.xml:2:1-50:12
	package
		ADDED from src/main/AndroidManifest.xml:3:5-41
		INJECTED from src/main/AndroidManifest.xml
		INJECTED from src/main/AndroidManifest.xml
	android:versionName
		ADDED from src/main/AndroidManifest.xml:5:5-30
	android:versionCode
		ADDED from src/main/AndroidManifest.xml:4:5-28
		INJECTED from src/main/AndroidManifest.xml
		INJECTED from src/main/AndroidManifest.xml
	xmlns:android
		ADDED from src/main/AndroidManifest.xml:2:11-69
uses-sdk
ADDED from src/main/AndroidManifest.xml:7:5-9:41
	android:targetSdkVersion
		ADDED from src/main/AndroidManifest.xml:9:9-38
		INJECTED from src/main/AndroidManifest.xml
		INJECTED from src/main/AndroidManifest.xml
	android:minSdkVersion
		ADDED from src/main/AndroidManifest.xml:8:9-34
		INJECTED from src/main/AndroidManifest.xml
		INJECTED from src/main/AndroidManifest.xml
uses-permission#android.permission.INTERNET
ADDED from src/main/AndroidManifest.xml:11:5-67
	android:name
		ADDED from src/main/AndroidManifest.xml:11:22-64
application
ADDED from src/main/AndroidManifest.xml:17:5-48:19
	android:label
		ADDED from src/main/AndroidManifest.xml:20:9-41
	android:allowBackup
		ADDED from src/main/AndroidManifest.xml:18:9-35
	android:icon
		ADDED from src/main/AndroidManifest.xml:19:9-45
	android:theme
		ADDED from src/main/AndroidManifest.xml:21:9-40
activity#com.hellotechie.PassMaster.LoginDlg
ADDED from src/main/AndroidManifest.xml:22:9-29:20
	android:label
		ADDED from src/main/AndroidManifest.xml:24:13-45
	android:name
		ADDED from src/main/AndroidManifest.xml:23:13-37
intent-filter#android.intent.action.MAIN+android.intent.category.LAUNCHER
ADDED from src/main/AndroidManifest.xml:25:13-28:29
action#android.intent.action.MAIN
ADDED from src/main/AndroidManifest.xml:26:17-69
	android:name
		ADDED from src/main/AndroidManifest.xml:26:25-66
category#android.intent.category.LAUNCHER
ADDED from src/main/AndroidManifest.xml:27:17-77
	android:name
		ADDED from src/main/AndroidManifest.xml:27:27-74
activity#com.hellotechie.PassMaster.Add_Update_User
ADDED from src/main/AndroidManifest.xml:30:9-33:48
	android:label
		ADDED from src/main/AndroidManifest.xml:33:13-45
	android:configChanges
		ADDED from src/main/AndroidManifest.xml:32:13-48
	android:name
		ADDED from src/main/AndroidManifest.xml:31:13-44
activity#com.hellotechie.PassMaster.Main_Screen
ADDED from src/main/AndroidManifest.xml:34:9-37:48
	android:label
		ADDED from src/main/AndroidManifest.xml:37:13-45
	android:configChanges
		ADDED from src/main/AndroidManifest.xml:36:13-48
	android:name
		ADDED from src/main/AndroidManifest.xml:35:13-40
activity#com.hellotechie.PassMaster.DetailsActivity
ADDED from src/main/AndroidManifest.xml:38:9-45:20
	android:label
		ADDED from src/main/AndroidManifest.xml:40:13-59
	android:parentActivityName
		ADDED from src/main/AndroidManifest.xml:41:13-51
	android:name
		ADDED from src/main/AndroidManifest.xml:39:13-44
meta-data#android.support.PARENT_ACTIVITY
ADDED from src/main/AndroidManifest.xml:42:13-44:71
	android:value
		ADDED from src/main/AndroidManifest.xml:44:17-68
	android:name
		ADDED from src/main/AndroidManifest.xml:43:17-63
uses-permission#android.permission.WRITE_EXTERNAL_STORAGE
ADDED from src/main/AndroidManifest.xml:46:9-85
	android:name
		ADDED from src/main/AndroidManifest.xml:46:26-82
uses-permission#android.permission.READ_EXTERNAL_STORAGE
ADDED from src/main/AndroidManifest.xml:47:9-84
	android:name
		ADDED from src/main/AndroidManifest.xml:47:26-81